<?xml version="1.0" encoding="UTF-8"?>
<!-- Generated by org.testng.reporters.JUnitXMLReporter -->
<testsuite hostname="DESKTOP-9DMMG1S" ignored="0" name="BookingHotelsTests" tests="4" failures="0" timestamp="12 May 2019 11:56:46 GMT" time="120.821" errors="0">
  <testcase name="searchHotel" time="16.729" classname="tests.BookingHotelTests"/>
  <testcase name="reservationHotel" time="47.613" classname="tests.BookingHotelTests"/>
  <testcase name="cancelingReservation" time="23.038" classname="tests.BookingHotelTests"/>
  <testcase name="bookHotelWithWrongBankCard" time="30.993" classname="tests.BookingHotelTests"/>
</testsuite> <!-- BookingHotelsTests -->
