<?xml version="1.0" encoding="UTF-8"?>
<!-- Generated by org.testng.reporters.JUnitXMLReporter -->
<testsuite hostname="DESKTOP-9DMMG1S" ignored="0" name="FlightsTests" tests="1" failures="1" timestamp="12 May 2019 11:57:25 GMT" time="19.299" errors="0">
  <testcase name="searchFlights" time="18.699" classname="tests.FlightsTest">
    <failure type="java.lang.AssertionError" message="expected [true] but found [false]">
      <![CDATA[java.lang.AssertionError: expected [true] but found [false]
at tests.FlightsTest.searchFlights(FlightsTest.java:34)
... Removed 33 stack frames]]>
    </failure>
  </testcase> <!-- searchFlights -->
</testsuite> <!-- FlightsTests -->
