<?xml version="1.0" encoding="UTF-8"?>
<testsuite xmlns:xsi="http://www.w3.org/2001/XMLSchema-instance" xsi:noNamespaceSchemaLocation="https://maven.apache.org/surefire/maven-surefire-plugin/xsd/surefire-test-report-3.0.xsd" version="3.0" name="TestSuite" time="175.652" tests="7" errors="0" skipped="0" failures="1">
  <properties>
[...]
</properties>
  <testcase name="searchHotel" classname="tests.BookingHotelTests" time="16.729"/>
  <testcase name="reservationHotel" classname="tests.BookingHotelTests" time="47.613"/>
  <testcase name="cancelingReservation" classname="tests.BookingHotelTests" time="23.037"/>
  <testcase name="bookHotelWithWrongBankCard" classname="tests.BookingHotelTests" time="30.994"/>
  <testcase name="searchCar" classname="tests.CarRentalsTest" time="19.688"/>
  <testcase name="searchFlights" classname="tests.FlightsTest" time="18.703">
    <failure message="expected [true] but found [false]" type="java.lang.AssertionError">java.lang.AssertionError: expected [true] but found [false]
	at tests.FlightsTest.searchFlights(FlightsTest.java:34)
</failure>
    <system-err><![CDATA[Starting ChromeDriver 74.0.3729.6 (255758eccf3d244491b8a1317aa76e1ce10d57e9-refs/branch-heads/3729@{#29}) on port 35080
Only local connections are allowed.
Please protect ports used by ChromeDriver and related test frameworks to prevent access by malicious code.
May 12, 2019 2:57:08 PM org.openqa.selenium.remote.ProtocolHandshake createSession
INFO: Detected dialect: OSS
]]></system-err>
  </testcase>
  <testcase name="searchTaxis" classname="tests.TaxisTest" time="13.329"/>
</testsuite>